<?xml version="1.0" encoding="UTF-8"?>
<testng-results skipped="0" failed="0" total="1" passed="1">
  <reporter-output>
  </reporter-output>
  <suite name="Default suite" duration-ms="17148" started-at="2562-04-04T13:08:29Z" finished-at="2562-04-04T13:08:47Z">
    <groups>
    </groups>
    <test name="Default test" duration-ms="17148" started-at="2562-04-04T13:08:29Z" finished-at="2562-04-04T13:08:47Z">
      <class name="demo.InstantSauceTestNGTest1">
        <test-method status="PASS" signature="shouldOpenSafari()[pri:0, instance:demo.InstantSauceTestNGTest1@3c0f93f1]" name="shouldOpenSafari" duration-ms="17107" started-at="2562-04-04T20:08:29Z" finished-at="2562-04-04T20:08:47Z">
          <reporter-output>
          </reporter-output>
        </test-method> <!-- shouldOpenSafari -->
      </class> <!-- demo.InstantSauceTestNGTest1 -->
    </test> <!-- Default test -->
  </suite> <!-- Default suite -->
</testng-results>
